<?xml version="1.0" encoding="UTF-8"?>
<!-- Generated by org.testng.reporters.JUnitReportReporter -->
<testsuite hostname="Sony-PC" failures="0" tests="1" name="testCases.TC_AddCustomerTest_003" time="21.799" errors="0" timestamp="2021-01-05T17:13:16 IST" skipped="0">
  <testcase classname="testCases.TC_AddCustomerTest_003" name="addNewCustomer" time="21.799"/>
  <system-out/>
</testsuite> <!-- testCases.TC_AddCustomerTest_003 -->
