<?xml version="1.0" encoding="UTF-8"?>
<!-- Generated by org.testng.reporters.JUnitReportReporter -->
<testsuite hostname="Sony-PC" failures="0" tests="1" name="testCases.TC_LoginTest_001" time="2.726" errors="0" timestamp="2021-01-05T17:24:10 IST" skipped="0">
  <testcase classname="testCases.TC_LoginTest_001" name="loginTest" time="2.726"/>
  <system-out/>
</testsuite> <!-- testCases.TC_LoginTest_001 -->
